<?xml version="1.0" encoding="UTF-8"?>
<Site BuildName="(empty)"
	BuildStamp="20251211-0433-Experimental"
	Name="sathvik-Aspire-A715-41G"
	Generator="ctest-3.22.1"
	CompilerName="/usr/bin/g++"
	CompilerVersion="11.4.0"
	OSName="Linux"
	Hostname="sathvik-Aspire-A715-41G"
	OSRelease="6.8.0-87-generic"
	OSVersion="#88~22.04.1-Ubuntu SMP PREEMPT_DYNAMIC Tue Oct 14 14:03:14 UTC 2"
	OSPlatform="x86_64"
	Is64Bits="1"
	VendorString="AuthenticAMD"
	VendorID="Advanced Micro Devices"
	FamilyID="23"
	ModelID="24"
	ProcessorCacheSize="512"
	NumberOfLogicalCPU="8"
	NumberOfPhysicalCPU="4"
	TotalVirtualMemory="2047"
	TotalPhysicalMemory="21949"
	LogicalProcessorsPerPhysical="2"
	ProcessorClockFrequency="3693.05"
	>
	<Testing>
		<StartDateTime>Dec 11 10:03 IST</StartDateTime>
		<StartTestTime>1765427595</StartTestTime>
		<TestList/>
		<EndDateTime>Dec 11 10:03 IST</EndDateTime>
		<EndTestTime>1765427595</EndTestTime>
		<ElapsedMinutes>0</ElapsedMinutes>
	</Testing>
</Site>
